\BOOKMARK [0][-]{chapter.1}{Introduction}{}% 1
\BOOKMARK [1][-]{section.1.1}{Background}{chapter.1}% 2
\BOOKMARK [1][-]{section.1.2}{Intended audience}{chapter.1}% 3
\BOOKMARK [1][-]{section.1.3}{Key Concepts}{chapter.1}% 4
\BOOKMARK [1][-]{section.1.4}{Solutions and Models}{chapter.1}% 5
\BOOKMARK [0][-]{chapter.2}{Tables}{}% 6
\BOOKMARK [1][-]{section.2.1}{Overview}{chapter.2}% 7
\BOOKMARK [1][-]{section.2.2}{Create a Table}{chapter.2}% 8
\BOOKMARK [1][-]{section.2.3}{Column Groups Container}{chapter.2}% 9
\BOOKMARK [1][-]{section.2.4}{Column Groups}{chapter.2}% 10
\BOOKMARK [1][-]{section.2.5}{Column Group Usage}{chapter.2}% 11
\BOOKMARK [1][-]{section.2.6}{Example Column Group Container}{chapter.2}% 12
\BOOKMARK [1][-]{section.2.7}{Column Groups from a Table}{chapter.2}% 13
\BOOKMARK [1][-]{section.2.8}{Column Group Annotations}{chapter.2}% 14
\BOOKMARK [1][-]{section.2.9}{Table Viewer Tool}{chapter.2}% 15
\BOOKMARK [0][-]{chapter.3}{Analyses}{}% 16
\BOOKMARK [1][-]{section.3.1}{The MetaR Analysis Root Node}{chapter.3}% 17
\BOOKMARK [1][-]{section.3.2}{Styles}{chapter.3}% 18
\BOOKMARK [1][-]{section.3.3}{Working with Tables}{chapter.3}% 19
\BOOKMARK [1][-]{section.3.4}{Define Sets of Ids}{chapter.3}% 20
\BOOKMARK [1][-]{section.3.5}{Subset Rows}{chapter.3}% 21
\BOOKMARK [1][-]{section.3.6}{Join Tables}{chapter.3}% 22
\BOOKMARK [1][-]{section.3.7}{Plotting Data}{chapter.3}% 23
\BOOKMARK [0][-]{chapter.4}{Docker Integration}{}% 24
\BOOKMARK [1][-]{section.4.1}{Pre-requisites}{chapter.4}% 25
\BOOKMARK [1][-]{section.4.2}{Configuring Docker}{chapter.4}% 26
\BOOKMARK [1][-]{section.4.3}{Running with Docker}{chapter.4}% 27
\BOOKMARK [0][-]{chapter.5}{EdgeR}{}% 28
\BOOKMARK [1][-]{section.5.1}{Understanding Language Composition}{chapter.5}% 29
\BOOKMARK [1][-]{section.5.2}{The edgeR Statement}{chapter.5}% 30
\BOOKMARK [1][-]{section.5.3}{Example}{chapter.5}% 31
\BOOKMARK [0][-]{chapter.6}{Limma Voom}{}% 32
\BOOKMARK [1][-]{section.6.1}{Overview}{chapter.6}% 33
\BOOKMARK [1][-]{section.6.2}{The Limma Voom Statement}{chapter.6}% 34
\BOOKMARK [1][-]{section.6.3}{Example}{chapter.6}% 35
\BOOKMARK [0][-]{chapter.7}{Biomart}{}% 36
\BOOKMARK [1][-]{section.7.1}{Overview}{chapter.7}% 37
\BOOKMARK [1][-]{section.7.2}{The Biomart Statement}{chapter.7}% 38
\BOOKMARK [1][-]{section.7.3}{Example}{chapter.7}% 39
\BOOKMARK [0][-]{chapter.8}{Extending MetaR}{}% 40
\BOOKMARK [1][-]{section.8.1}{Overview}{chapter.8}% 41
\BOOKMARK [1][-]{section.8.2}{Create a new Language}{chapter.8}% 42
\BOOKMARK [1][-]{section.8.3}{Create a new Language Concept}{chapter.8}% 43
\BOOKMARK [1][-]{section.8.4}{Define the Editor}{chapter.8}% 44
\BOOKMARK [1][-]{section.8.5}{Generate R Code}{chapter.8}% 45
\BOOKMARK [1][-]{section.8.6}{Using the New Language}{chapter.8}% 46
\BOOKMARK [1][-]{section.8.7}{Git Repository}{chapter.8}% 47
\BOOKMARK [0][-]{chapter.9}{MPS Key Map}{}% 48
\BOOKMARK [0][-]{section*.73}{List of Figures}{}% 49
